CPU randomness, seed: 1234567890, offset: 0
reserved memory: 24729616384 18446744073709551615
Sync=-1896761088
Opening fifos
Conv2D 0
MaxPool2D 0
ReLU 1
Conv2D 1
MaxPool2D 0
ReLU 1
Conv2D 1
MaxPool2D 0
ReLU 1
FC 1
Model created
weights/CNN3-2e.dat
Reading weights from file=weights/CNN3-2e.dat
Reading weights for layer=Conv2D
Reading weights for layer=MaxPool2D
Reading weights for layer=ReLU Extend
Reading weights for layer=Conv2D
Reading weights for layer=MaxPool2D
Reading weights for layer=ReLU Extend
Reading weights for layer=Conv2D
Reading weights for layer=MaxPool2D
Reading weights for layer=ReLU Extend
Reading weights for layer=FC
Weights initialized
Allocating 5368709120 bytes of memory for comm bufs
waiting for connection from client...42002 + 3connected
Starting training
Opening file=keys0/CNN3_training_key0_0_0_0.dat
Opt Mask size=1683536
Time for key read: 5027
Read Key Layer 0 begin
Layer 0 begin
Layer 0 done
Read Key Layer 1 begin
Layer 1 begin
Layer 1 done
Read Key Layer 2 begin
Layer 2 begin
Layer 2 done
Read Key Layer 3 begin
Layer 3 begin
Layer 3 done
Read Key Layer 4 begin
Layer 4 begin
Layer 4 done
Read Key Layer 5 begin
Layer 5 begin
Layer 5 done
Read Key Layer 6 begin
Layer 6 begin
Layer 6 done
Read Key Layer 7 begin
Layer 7 begin
Layer 7 done
Read Key Layer 8 begin
Layer 8 begin
Layer 8 done
Read Key Layer 9 begin
Layer 9 begin
Layer 9 done
Iteration: 0
>> Softmax - start s1 = 64 s2 = 10 sf = 24
>> MaxPool - Start
>> MaxPool - End
bitlength:64
>> Relu2Round - Start
   Key Read Time = 0 milliseconds
   Compute Time = 6.349 milliseconds
   Reconstruct Time = 0.163 milliseconds
   Online Time = 6.513 milliseconds
   Online Comm = 11520 bytes
>> Relu2Round - End
>> ElemWise Mult - start
   Key Read Time = 0 milliseconds
   Compute Time = 0.387 milliseconds
   Reconstruct Time = 0.035 milliseconds
   Online Time = 0.422 milliseconds
>> ElemWise Mult - end
>> ScaleDown - Start 
>> Truncate - Start
   Key Read Time = 2 milliseconds
   Compute Time = 4.289 milliseconds
   Reconstruct Time = 0 milliseconds
   Online Time = 4.289 milliseconds
   Online Comm = 0 bytes
>> Truncate - End
>> ScaleDown - End 
>> Softmax - end
Before reconstruct in GPU softmax
After reconstruct in GPU softmax
Softmax finished
ZeroExt reconstruct: 0
ZeroExt reconstruct: 1
ZeroExt reconstruct: 1
Layer 9 backward done
Layer 8 backward done
Layer 7 backward done
ZeroExt reconstruct: 0
ZeroExt reconstruct: 1
ZeroExt reconstruct: 1
Layer 6 backward done
Layer 5 backward done
Layer 4 backward done
ZeroExt reconstruct: 0
ZeroExt reconstruct: 1
ZeroExt reconstruct: 1
Layer 3 backward done
Layer 2 backward done
Layer 1 backward done
ZeroExt reconstruct: 0
ZeroExt reconstruct: 1
ZeroExt reconstruct: 1
Layer 0 backward done
Time for key read: 5931
Read Key Layer 0 begin
Layer 0 begin
Layer 0 done
Read Key Layer 1 begin
Layer 1 begin
Layer 1 done
Read Key Layer 2 begin
Layer 2 begin
Layer 2 done
Read Key Layer 3 begin
Layer 3 begin
Layer 3 done
Read Key Layer 4 begin
Layer 4 begin
Layer 4 done
Read Key Layer 5 begin
Layer 5 begin
Layer 5 done
Read Key Layer 6 begin
Layer 6 begin
Layer 6 done
Read Key Layer 7 begin
Layer 7 begin
Layer 7 done
Read Key Layer 8 begin
Layer 8 begin
Layer 8 done
Read Key Layer 9 begin
Layer 9 begin
Layer 9 done
Iteration: 1
>> Softmax - start s1 = 64 s2 = 10 sf = 24
>> MaxPool - Start
>> MaxPool - End
bitlength:64
>> Relu2Round - Start
   Key Read Time = 2 milliseconds
   Compute Time = 5.858 milliseconds
   Reconstruct Time = 0.498 milliseconds
   Online Time = 6.358 milliseconds
   Online Comm = 11520 bytes
>> Relu2Round - End
>> ElemWise Mult - start
   Key Read Time = 0 milliseconds
   Compute Time = 0.374 milliseconds
   Reconstruct Time = 0.029 milliseconds
   Online Time = 0.403 milliseconds
>> ElemWise Mult - end
>> ScaleDown - Start 
>> Truncate - Start
   Key Read Time = 2 milliseconds
   Compute Time = 4.182 milliseconds
   Reconstruct Time = 0 milliseconds
   Online Time = 4.182 milliseconds
   Online Comm = 0 bytes
>> Truncate - End
>> ScaleDown - End 
>> Softmax - end
Before reconstruct in GPU softmax
After reconstruct in GPU softmax
Softmax finished
ZeroExt reconstruct: 0
ZeroExt reconstruct: 1
ZeroExt reconstruct: 1
Layer 9 backward done
Layer 8 backward done
Layer 7 backward done
ZeroExt reconstruct: 0
ZeroExt reconstruct: 1
ZeroExt reconstruct: 1
Layer 6 backward done
Layer 5 backward done
Layer 4 backward done
ZeroExt reconstruct: 0
ZeroExt reconstruct: 1
ZeroExt reconstruct: 1
Layer 3 backward done
Layer 2 backward done
Layer 1 backward done
ZeroExt reconstruct: 0
ZeroExt reconstruct: 1
ZeroExt reconstruct: 1
Layer 0 backward done
Time for key read: 4959
Read Key Layer 0 begin
Layer 0 begin
Layer 0 done
Read Key Layer 1 begin
Layer 1 begin
Layer 1 done
Read Key Layer 2 begin
Layer 2 begin
Layer 2 done
Read Key Layer 3 begin
Layer 3 begin
Layer 3 done
Read Key Layer 4 begin
Layer 4 begin
Layer 4 done
Read Key Layer 5 begin
Layer 5 begin
Layer 5 done
Read Key Layer 6 begin
Layer 6 begin
Layer 6 done
Read Key Layer 7 begin
Layer 7 begin
Layer 7 done
Read Key Layer 8 begin
Layer 8 begin
Layer 8 done
Read Key Layer 9 begin
Layer 9 begin
Layer 9 done
Iteration: 2
>> Softmax - start s1 = 64 s2 = 10 sf = 24
>> MaxPool - Start
>> MaxPool - End
bitlength:64
>> Relu2Round - Start
   Key Read Time = 0 milliseconds
   Compute Time = 5.827 milliseconds
   Reconstruct Time = 0.097 milliseconds
   Online Time = 5.926 milliseconds
   Online Comm = 11520 bytes
>> Relu2Round - End
>> ElemWise Mult - start
   Key Read Time = 0 milliseconds
   Compute Time = 0.353 milliseconds
   Reconstruct Time = 0.033 milliseconds
   Online Time = 0.386 milliseconds
>> ElemWise Mult - end
>> ScaleDown - Start 
>> Truncate - Start
   Key Read Time = 2 milliseconds
   Compute Time = 4.1 milliseconds
   Reconstruct Time = 0 milliseconds
   Online Time = 4.1 milliseconds
   Online Comm = 0 bytes
>> Truncate - End
>> ScaleDown - End 
>> Softmax - end
Before reconstruct in GPU softmax
After reconstruct in GPU softmax
Softmax finished
ZeroExt reconstruct: 0
ZeroExt reconstruct: 1
ZeroExt reconstruct: 1
Layer 9 backward done
Layer 8 backward done
Layer 7 backward done
ZeroExt reconstruct: 0
ZeroExt reconstruct: 1
ZeroExt reconstruct: 1
Layer 6 backward done
Layer 5 backward done
Layer 4 backward done
ZeroExt reconstruct: 0
ZeroExt reconstruct: 1
ZeroExt reconstruct: 1
Layer 3 backward done
Layer 2 backward done
Layer 1 backward done
ZeroExt reconstruct: 0
ZeroExt reconstruct: 1
ZeroExt reconstruct: 1
Layer 0 backward done
Time for key read: 4725
Read Key Layer 0 begin
Layer 0 begin
Layer 0 done
Read Key Layer 1 begin
Layer 1 begin
Layer 1 done
Read Key Layer 2 begin
Layer 2 begin
Layer 2 done
Read Key Layer 3 begin
Layer 3 begin
Layer 3 done
Read Key Layer 4 begin
Layer 4 begin
Layer 4 done
Read Key Layer 5 begin
Layer 5 begin
Layer 5 done
Read Key Layer 6 begin
Layer 6 begin
Layer 6 done
Read Key Layer 7 begin
Layer 7 begin
Layer 7 done
Read Key Layer 8 begin
Layer 8 begin
Layer 8 done
Read Key Layer 9 begin
Layer 9 begin
Layer 9 done
Iteration: 3
>> Softmax - start s1 = 64 s2 = 10 sf = 24
>> MaxPool - Start
>> MaxPool - End
bitlength:64
>> Relu2Round - Start
   Key Read Time = 0 milliseconds
   Compute Time = 5.849 milliseconds
   Reconstruct Time = 0.088 milliseconds
   Online Time = 5.938 milliseconds
   Online Comm = 11520 bytes
>> Relu2Round - End
>> ElemWise Mult - start
   Key Read Time = 0 milliseconds
   Compute Time = 0.388 milliseconds
   Reconstruct Time = 0.22 milliseconds
   Online Time = 0.608 milliseconds
>> ElemWise Mult - end
>> ScaleDown - Start 
>> Truncate - Start
   Key Read Time = 2 milliseconds
   Compute Time = 4.192 milliseconds
   Reconstruct Time = 0 milliseconds
   Online Time = 4.192 milliseconds
   Online Comm = 0 bytes
>> Truncate - End
>> ScaleDown - End 
>> Softmax - end
Before reconstruct in GPU softmax
After reconstruct in GPU softmax
Softmax finished
ZeroExt reconstruct: 0
ZeroExt reconstruct: 1
ZeroExt reconstruct: 1
Layer 9 backward done
Layer 8 backward done
Layer 7 backward done
ZeroExt reconstruct: 0
ZeroExt reconstruct: 1
ZeroExt reconstruct: 1
Layer 6 backward done
Layer 5 backward done
Layer 4 backward done
ZeroExt reconstruct: 0
ZeroExt reconstruct: 1
ZeroExt reconstruct: 1
Layer 3 backward done
Layer 2 backward done
Layer 1 backward done
ZeroExt reconstruct: 0
ZeroExt reconstruct: 1
ZeroExt reconstruct: 1
Layer 0 backward done
Time for key read: 4723
Read Key Layer 0 begin
Layer 0 begin
Layer 0 done
Read Key Layer 1 begin
Layer 1 begin
Layer 1 done
Read Key Layer 2 begin
Layer 2 begin
Layer 2 done
Read Key Layer 3 begin
Layer 3 begin
Layer 3 done
Read Key Layer 4 begin
Layer 4 begin
Layer 4 done
Read Key Layer 5 begin
Layer 5 begin
Layer 5 done
Read Key Layer 6 begin
Layer 6 begin
Layer 6 done
Read Key Layer 7 begin
Layer 7 begin
Layer 7 done
Read Key Layer 8 begin
Layer 8 begin
Layer 8 done
Read Key Layer 9 begin
Layer 9 begin
Layer 9 done
Iteration: 4
>> Softmax - start s1 = 64 s2 = 10 sf = 24
>> MaxPool - Start
>> MaxPool - End
bitlength:64
>> Relu2Round - Start
   Key Read Time = 1 milliseconds
   Compute Time = 5.881 milliseconds
   Reconstruct Time = 0.38 milliseconds
   Online Time = 6.263 milliseconds
   Online Comm = 11520 bytes
>> Relu2Round - End
>> ElemWise Mult - start
   Key Read Time = 0 milliseconds
   Compute Time = 0.389 milliseconds
   Reconstruct Time = 0.132 milliseconds
   Online Time = 0.521 milliseconds
>> ElemWise Mult - end
>> ScaleDown - Start 
>> Truncate - Start
   Key Read Time = 4 milliseconds
   Compute Time = 4.164 milliseconds
   Reconstruct Time = 0 milliseconds
   Online Time = 4.164 milliseconds
   Online Comm = 0 bytes
>> Truncate - End
>> ScaleDown - End 
>> Softmax - end
Before reconstruct in GPU softmax
After reconstruct in GPU softmax
Softmax finished
ZeroExt reconstruct: 0
ZeroExt reconstruct: 1
ZeroExt reconstruct: 1
Layer 9 backward done
Layer 8 backward done
Layer 7 backward done
ZeroExt reconstruct: 0
ZeroExt reconstruct: 1
ZeroExt reconstruct: 1
Layer 6 backward done
Layer 5 backward done
Layer 4 backward done
ZeroExt reconstruct: 0
ZeroExt reconstruct: 1
ZeroExt reconstruct: 1
Layer 3 backward done
Layer 2 backward done
Layer 1 backward done
ZeroExt reconstruct: 0
ZeroExt reconstruct: 1
ZeroExt reconstruct: 1
Layer 0 backward done
Time for key read: 4728
Read Key Layer 0 begin
Layer 0 begin
Layer 0 done
Read Key Layer 1 begin
Layer 1 begin
Layer 1 done
Read Key Layer 2 begin
Layer 2 begin
Layer 2 done
Read Key Layer 3 begin
Layer 3 begin
Layer 3 done
Read Key Layer 4 begin
Layer 4 begin
Layer 4 done
Read Key Layer 5 begin
Layer 5 begin
Layer 5 done
Read Key Layer 6 begin
Layer 6 begin
Layer 6 done
Read Key Layer 7 begin
Layer 7 begin
Layer 7 done
Read Key Layer 8 begin
Layer 8 begin
Layer 8 done
Read Key Layer 9 begin
Layer 9 begin
Layer 9 done
Iteration: 5
>> Softmax - start s1 = 64 s2 = 10 sf = 24
>> MaxPool - Start
>> MaxPool - End
bitlength:64
>> Relu2Round - Start
   Key Read Time = 1 milliseconds
   Compute Time = 5.948 milliseconds
   Reconstruct Time = 0.341 milliseconds
   Online Time = 6.292 milliseconds
   Online Comm = 11520 bytes
>> Relu2Round - End
>> ElemWise Mult - start
   Key Read Time = 0 milliseconds
   Compute Time = 0.543 milliseconds
   Reconstruct Time = 0.048 milliseconds
   Online Time = 0.591 milliseconds
>> ElemWise Mult - end
>> ScaleDown - Start 
>> Truncate - Start
   Key Read Time = 4 milliseconds
   Compute Time = 6.571 milliseconds
   Reconstruct Time = 0 milliseconds
   Online Time = 6.571 milliseconds
   Online Comm = 0 bytes
>> Truncate - End
>> ScaleDown - End 
>> Softmax - end
Before reconstruct in GPU softmax
After reconstruct in GPU softmax
Softmax finished
ZeroExt reconstruct: 0
ZeroExt reconstruct: 1
ZeroExt reconstruct: 1
Layer 9 backward done
Layer 8 backward done
Layer 7 backward done
ZeroExt reconstruct: 0
ZeroExt reconstruct: 1
ZeroExt reconstruct: 1
Layer 6 backward done
Layer 5 backward done
Layer 4 backward done
ZeroExt reconstruct: 0
ZeroExt reconstruct: 1
ZeroExt reconstruct: 1
Layer 3 backward done
Layer 2 backward done
Layer 1 backward done
ZeroExt reconstruct: 0
ZeroExt reconstruct: 1
ZeroExt reconstruct: 1
Layer 0 backward done
Time for key read: 4810
Read Key Layer 0 begin
Layer 0 begin
Layer 0 done
Read Key Layer 1 begin
Layer 1 begin
Layer 1 done
Read Key Layer 2 begin
Layer 2 begin
Layer 2 done
Read Key Layer 3 begin
Layer 3 begin
Layer 3 done
Read Key Layer 4 begin
Layer 4 begin
Layer 4 done
Read Key Layer 5 begin
Layer 5 begin
Layer 5 done
Read Key Layer 6 begin
Layer 6 begin
Layer 6 done
Read Key Layer 7 begin
Layer 7 begin
Layer 7 done
Read Key Layer 8 begin
Layer 8 begin
Layer 8 done
Read Key Layer 9 begin
Layer 9 begin
Layer 9 done
Iteration: 6
>> Softmax - start s1 = 64 s2 = 10 sf = 24
>> MaxPool - Start
>> MaxPool - End
bitlength:64
>> Relu2Round - Start
   Key Read Time = 1 milliseconds
   Compute Time = 5.738 milliseconds
   Reconstruct Time = 0.205 milliseconds
   Online Time = 5.944 milliseconds
   Online Comm = 11520 bytes
>> Relu2Round - End
>> ElemWise Mult - start
   Key Read Time = 0 milliseconds
   Compute Time = 0.264 milliseconds
   Reconstruct Time = 0.195 milliseconds
   Online Time = 0.459 milliseconds
>> ElemWise Mult - end
>> ScaleDown - Start 
>> Truncate - Start
   Key Read Time = 4 milliseconds
   Compute Time = 6.442 milliseconds
   Reconstruct Time = 0 milliseconds
   Online Time = 6.442 milliseconds
   Online Comm = 0 bytes
>> Truncate - End
>> ScaleDown - End 
>> Softmax - end
Before reconstruct in GPU softmax
After reconstruct in GPU softmax
Softmax finished
ZeroExt reconstruct: 0
ZeroExt reconstruct: 1
ZeroExt reconstruct: 1
Layer 9 backward done
Layer 8 backward done
Layer 7 backward done
ZeroExt reconstruct: 0
ZeroExt reconstruct: 1
ZeroExt reconstruct: 1
Layer 6 backward done
Layer 5 backward done
Layer 4 backward done
ZeroExt reconstruct: 0
ZeroExt reconstruct: 1
ZeroExt reconstruct: 1
Layer 3 backward done
Layer 2 backward done
Layer 1 backward done
ZeroExt reconstruct: 0
ZeroExt reconstruct: 1
ZeroExt reconstruct: 1
Layer 0 backward done
Time for key read: 5171
Read Key Layer 0 begin
Layer 0 begin
Layer 0 done
Read Key Layer 1 begin
Layer 1 begin
Layer 1 done
Read Key Layer 2 begin
Layer 2 begin
Layer 2 done
Read Key Layer 3 begin
Layer 3 begin
Layer 3 done
Read Key Layer 4 begin
Layer 4 begin
Layer 4 done
Read Key Layer 5 begin
Layer 5 begin
Layer 5 done
Read Key Layer 6 begin
Layer 6 begin
Layer 6 done
Read Key Layer 7 begin
Layer 7 begin
Layer 7 done
Read Key Layer 8 begin
Layer 8 begin
Layer 8 done
Read Key Layer 9 begin
Layer 9 begin
Layer 9 done
Iteration: 7
>> Softmax - start s1 = 64 s2 = 10 sf = 24
>> MaxPool - Start
>> MaxPool - End
bitlength:64
>> Relu2Round - Start
   Key Read Time = 0 milliseconds
   Compute Time = 9.017 milliseconds
   Reconstruct Time = 0.263 milliseconds
   Online Time = 9.281 milliseconds
   Online Comm = 11520 bytes
>> Relu2Round - End
>> ElemWise Mult - start
   Key Read Time = 0 milliseconds
   Compute Time = 0.49 milliseconds
   Reconstruct Time = 0.063 milliseconds
   Online Time = 0.553 milliseconds
>> ElemWise Mult - end
>> ScaleDown - Start 
>> Truncate - Start
   Key Read Time = 2 milliseconds
   Compute Time = 4.178 milliseconds
   Reconstruct Time = 0 milliseconds
   Online Time = 4.178 milliseconds
   Online Comm = 0 bytes
>> Truncate - End
>> ScaleDown - End 
>> Softmax - end
Before reconstruct in GPU softmax
After reconstruct in GPU softmax
Softmax finished
ZeroExt reconstruct: 0
ZeroExt reconstruct: 1
ZeroExt reconstruct: 1
Layer 9 backward done
Layer 8 backward done
Layer 7 backward done
ZeroExt reconstruct: 0
ZeroExt reconstruct: 1
ZeroExt reconstruct: 1
Layer 6 backward done
Layer 5 backward done
Layer 4 backward done
ZeroExt reconstruct: 0
ZeroExt reconstruct: 1
ZeroExt reconstruct: 1
Layer 3 backward done
Layer 2 backward done
Layer 1 backward done
ZeroExt reconstruct: 0
ZeroExt reconstruct: 1
ZeroExt reconstruct: 1
Layer 0 backward done
Time for key read: 5302
Read Key Layer 0 begin
Layer 0 begin
Layer 0 done
Read Key Layer 1 begin
Layer 1 begin
Layer 1 done
Read Key Layer 2 begin
Layer 2 begin
Layer 2 done
Read Key Layer 3 begin
Layer 3 begin
Layer 3 done
Read Key Layer 4 begin
Layer 4 begin
Layer 4 done
Read Key Layer 5 begin
Layer 5 begin
Layer 5 done
Read Key Layer 6 begin
Layer 6 begin
Layer 6 done
Read Key Layer 7 begin
Layer 7 begin
Layer 7 done
Read Key Layer 8 begin
Layer 8 begin
Layer 8 done
Read Key Layer 9 begin
Layer 9 begin
Layer 9 done
Iteration: 8
>> Softmax - start s1 = 64 s2 = 10 sf = 24
>> MaxPool - Start
>> MaxPool - End
bitlength:64
>> Relu2Round - Start
   Key Read Time = 1 milliseconds
   Compute Time = 5.712 milliseconds
   Reconstruct Time = 0.107 milliseconds
   Online Time = 5.821 milliseconds
   Online Comm = 11520 bytes
>> Relu2Round - End
>> ElemWise Mult - start
   Key Read Time = 0 milliseconds
   Compute Time = 0.307 milliseconds
   Reconstruct Time = 0.248 milliseconds
   Online Time = 0.555 milliseconds
>> ElemWise Mult - end
>> ScaleDown - Start 
>> Truncate - Start
   Key Read Time = 3 milliseconds
   Compute Time = 6.463 milliseconds
   Reconstruct Time = 0 milliseconds
   Online Time = 6.463 milliseconds
   Online Comm = 0 bytes
>> Truncate - End
>> ScaleDown - End 
>> Softmax - end
Before reconstruct in GPU softmax
After reconstruct in GPU softmax
Softmax finished
ZeroExt reconstruct: 0
ZeroExt reconstruct: 1
ZeroExt reconstruct: 1
Layer 9 backward done
Layer 8 backward done
Layer 7 backward done
ZeroExt reconstruct: 0
ZeroExt reconstruct: 1
ZeroExt reconstruct: 1
Layer 6 backward done
Layer 5 backward done
Layer 4 backward done
ZeroExt reconstruct: 0
ZeroExt reconstruct: 1
ZeroExt reconstruct: 1
Layer 3 backward done
Layer 2 backward done
Layer 1 backward done
ZeroExt reconstruct: 0
ZeroExt reconstruct: 1
ZeroExt reconstruct: 1
Layer 0 backward done
Time for key read: 5308
Read Key Layer 0 begin
Layer 0 begin
Layer 0 done
Read Key Layer 1 begin
Layer 1 begin
Layer 1 done
Read Key Layer 2 begin
Layer 2 begin
Layer 2 done
Read Key Layer 3 begin
Layer 3 begin
Layer 3 done
Read Key Layer 4 begin
Layer 4 begin
Layer 4 done
Read Key Layer 5 begin
Layer 5 begin
Layer 5 done
Read Key Layer 6 begin
Layer 6 begin
Layer 6 done
Read Key Layer 7 begin
Layer 7 begin
Layer 7 done
Read Key Layer 8 begin
Layer 8 begin
Layer 8 done
Read Key Layer 9 begin
Layer 9 begin
Layer 9 done
Iteration: 9
>> Softmax - start s1 = 64 s2 = 10 sf = 24
>> MaxPool - Start
>> MaxPool - End
bitlength:64
>> Relu2Round - Start
   Key Read Time = 1 milliseconds
   Compute Time = 10.748 milliseconds
   Reconstruct Time = 0.197 milliseconds
   Online Time = 10.946 milliseconds
   Online Comm = 11520 bytes
>> Relu2Round - End
>> ElemWise Mult - start
   Key Read Time = 0 milliseconds
   Compute Time = 0.489 milliseconds
   Reconstruct Time = 0.39 milliseconds
   Online Time = 0.879 milliseconds
>> ElemWise Mult - end
>> ScaleDown - Start 
>> Truncate - Start
   Key Read Time = 1 milliseconds
   Compute Time = 6.712 milliseconds
   Reconstruct Time = 0 milliseconds
   Online Time = 6.712 milliseconds
   Online Comm = 0 bytes
>> Truncate - End
>> ScaleDown - End 
>> Softmax - end
Before reconstruct in GPU softmax
After reconstruct in GPU softmax
Softmax finished
ZeroExt reconstruct: 0
ZeroExt reconstruct: 1
ZeroExt reconstruct: 1
Layer 9 backward done
Layer 8 backward done
Layer 7 backward done
ZeroExt reconstruct: 0
ZeroExt reconstruct: 1
ZeroExt reconstruct: 1
Layer 6 backward done
Layer 5 backward done
Layer 4 backward done
ZeroExt reconstruct: 0
ZeroExt reconstruct: 1
ZeroExt reconstruct: 1
Layer 3 backward done
Layer 2 backward done
Layer 1 backward done
ZeroExt reconstruct: 0
ZeroExt reconstruct: 1
ZeroExt reconstruct: 1
Layer 0 backward done
Online time (ms): 62614
===========output/P0/training/loss/CNN3-2e-78b/weights/masked_weights_0_0_0_9.dat==========
Getting loss for CIFAR10
wIdx=210442, N=210442
===========output/P0/training/loss/CNN3-2e-78b/weights/masked_optimizer_0_0_0_9.dat==========
Weights file=output/P0/training/loss/CNN3-2e-78b/weights/masked_optimizer_0_0_0_9.dat, output/P0/training/loss/CNN3-2e-78b/weights/optimizer_mask_0_0_0_0.dat
Opt Masked Size=210442
Accuracy=10.000000, Loss=2.303169
Time for key read: 5459
Read Key Layer 0 begin
Layer 0 begin
Layer 0 done
Read Key Layer 1 begin
Layer 1 begin
Layer 1 done
Read Key Layer 2 begin
Layer 2 begin
Layer 2 done
Read Key Layer 3 begin
Layer 3 begin
Layer 3 done
Read Key Layer 4 begin
Layer 4 begin
Layer 4 done
Read Key Layer 5 begin
Layer 5 begin
Layer 5 done
Read Key Layer 6 begin
Layer 6 begin
Layer 6 done
Read Key Layer 7 begin
Layer 7 begin
Layer 7 done
Read Key Layer 8 begin
Layer 8 begin
Layer 8 done
Read Key Layer 9 begin
Layer 9 begin
Layer 9 done
Iteration: 10
>> Softmax - start s1 = 64 s2 = 10 sf = 24
>> MaxPool - Start
>> MaxPool - End
bitlength:64
>> Relu2Round - Start
   Key Read Time = 1 milliseconds
   Compute Time = 5.771 milliseconds
   Reconstruct Time = 0.204 milliseconds
   Online Time = 5.977 milliseconds
   Online Comm = 11520 bytes
>> Relu2Round - End
>> ElemWise Mult - start
   Key Read Time = 0 milliseconds
   Compute Time = 0.286 milliseconds
   Reconstruct Time = 0.177 milliseconds
   Online Time = 0.463 milliseconds
>> ElemWise Mult - end
>> ScaleDown - Start 
>> Truncate - Start
   Key Read Time = 2 milliseconds
   Compute Time = 4.176 milliseconds
   Reconstruct Time = 0 milliseconds
   Online Time = 4.176 milliseconds
   Online Comm = 0 bytes
>> Truncate - End
>> ScaleDown - End 
>> Softmax - end
Before reconstruct in GPU softmax
After reconstruct in GPU softmax
Softmax finished
ZeroExt reconstruct: 0
ZeroExt reconstruct: 1
ZeroExt reconstruct: 1
Layer 9 backward done
Layer 8 backward done
Layer 7 backward done
ZeroExt reconstruct: 0
ZeroExt reconstruct: 1
ZeroExt reconstruct: 1
Layer 6 backward done
Layer 5 backward done
Layer 4 backward done
ZeroExt reconstruct: 0
ZeroExt reconstruct: 1
ZeroExt reconstruct: 1
Layer 3 backward done
Layer 2 backward done
Layer 1 backward done
ZeroExt reconstruct: 0
ZeroExt reconstruct: 1
ZeroExt reconstruct: 1
Layer 0 backward done
Time for key read: 5718
Read Key Layer 0 begin
Layer 0 begin
Layer 0 done
Read Key Layer 1 begin
Layer 1 begin
Layer 1 done
Read Key Layer 2 begin
Layer 2 begin
Layer 2 done
Read Key Layer 3 begin
Layer 3 begin
Layer 3 done
Read Key Layer 4 begin
Layer 4 begin
Layer 4 done
Read Key Layer 5 begin
Layer 5 begin
Layer 5 done
Read Key Layer 6 begin
Layer 6 begin
Layer 6 done
Read Key Layer 7 begin
Layer 7 begin
Layer 7 done
Read Key Layer 8 begin
Layer 8 begin
Layer 8 done
Read Key Layer 9 begin
Layer 9 begin
Layer 9 done
Iteration: 11
>> Softmax - start s1 = 64 s2 = 10 sf = 24
>> MaxPool - Start
>> MaxPool - End
bitlength:64
>> Relu2Round - Start
   Key Read Time = 1 milliseconds
   Compute Time = 8.91 milliseconds
   Reconstruct Time = 0.226 milliseconds
   Online Time = 9.137 milliseconds
   Online Comm = 11520 bytes
>> Relu2Round - End
>> ElemWise Mult - start
   Key Read Time = 0 milliseconds
   Compute Time = 0.307 milliseconds
   Reconstruct Time = 0.161 milliseconds
   Online Time = 0.468 milliseconds
>> ElemWise Mult - end
>> ScaleDown - Start 
>> Truncate - Start
   Key Read Time = 4 milliseconds
   Compute Time = 4.172 milliseconds
   Reconstruct Time = 0 milliseconds
   Online Time = 4.172 milliseconds
   Online Comm = 0 bytes
>> Truncate - End
>> ScaleDown - End 
>> Softmax - end
Before reconstruct in GPU softmax
After reconstruct in GPU softmax
Softmax finished
ZeroExt reconstruct: 0
ZeroExt reconstruct: 1
ZeroExt reconstruct: 1
Layer 9 backward done
Layer 8 backward done
Layer 7 backward done
ZeroExt reconstruct: 0
ZeroExt reconstruct: 1
ZeroExt reconstruct: 1
Layer 6 backward done
Layer 5 backward done
Layer 4 backward done
ZeroExt reconstruct: 0
ZeroExt reconstruct: 1
ZeroExt reconstruct: 1
Layer 3 backward done
Layer 2 backward done
Layer 1 backward done
ZeroExt reconstruct: 0
ZeroExt reconstruct: 1
ZeroExt reconstruct: 1
Layer 0 backward done
Time for key read: 4707
Read Key Layer 0 begin
Layer 0 begin
Layer 0 done
Read Key Layer 1 begin
Layer 1 begin
Layer 1 done
Read Key Layer 2 begin
Layer 2 begin
Layer 2 done
Read Key Layer 3 begin
Layer 3 begin
Layer 3 done
Read Key Layer 4 begin
Layer 4 begin
Layer 4 done
Read Key Layer 5 begin
Layer 5 begin
Layer 5 done
Read Key Layer 6 begin
Layer 6 begin
Layer 6 done
Read Key Layer 7 begin
Layer 7 begin
Layer 7 done
Read Key Layer 8 begin
Layer 8 begin
Layer 8 done
Read Key Layer 9 begin
Layer 9 begin
Layer 9 done
Iteration: 12
>> Softmax - start s1 = 64 s2 = 10 sf = 24
>> MaxPool - Start
>> MaxPool - End
bitlength:64
>> Relu2Round - Start
   Key Read Time = 1 milliseconds
   Compute Time = 5.908 milliseconds
   Reconstruct Time = 0.289 milliseconds
   Online Time = 6.198 milliseconds
   Online Comm = 11520 bytes
>> Relu2Round - End
>> ElemWise Mult - start
   Key Read Time = 0 milliseconds
   Compute Time = 0.449 milliseconds
   Reconstruct Time = 0.035 milliseconds
   Online Time = 0.484 milliseconds
>> ElemWise Mult - end
>> ScaleDown - Start 
>> Truncate - Start
   Key Read Time = 2 milliseconds
   Compute Time = 6.44 milliseconds
   Reconstruct Time = 0 milliseconds
   Online Time = 6.44 milliseconds
   Online Comm = 0 bytes
>> Truncate - End
>> ScaleDown - End 
>> Softmax - end
Before reconstruct in GPU softmax
After reconstruct in GPU softmax
Softmax finished
ZeroExt reconstruct: 0
ZeroExt reconstruct: 1
ZeroExt reconstruct: 1
Layer 9 backward done
Layer 8 backward done
Layer 7 backward done
ZeroExt reconstruct: 0
ZeroExt reconstruct: 1
ZeroExt reconstruct: 1
Layer 6 backward done
Layer 5 backward done
Layer 4 backward done
ZeroExt reconstruct: 0
ZeroExt reconstruct: 1
ZeroExt reconstruct: 1
Layer 3 backward done
Layer 2 backward done
Layer 1 backward done
ZeroExt reconstruct: 0
ZeroExt reconstruct: 1
ZeroExt reconstruct: 1
Layer 0 backward done
Time for key read: 8773
Read Key Layer 0 begin
Layer 0 begin
Layer 0 done
Read Key Layer 1 begin
Layer 1 begin
Layer 1 done
Read Key Layer 2 begin
Layer 2 begin
Layer 2 done
Read Key Layer 3 begin
Layer 3 begin
Layer 3 done
Read Key Layer 4 begin
Layer 4 begin
Layer 4 done
Read Key Layer 5 begin
Layer 5 begin
Layer 5 done
Read Key Layer 6 begin
Layer 6 begin
Layer 6 done
Read Key Layer 7 begin
Layer 7 begin
Layer 7 done
Read Key Layer 8 begin
Layer 8 begin
Layer 8 done
Read Key Layer 9 begin
Layer 9 begin
Layer 9 done
Iteration: 13
>> Softmax - start s1 = 64 s2 = 10 sf = 24
>> MaxPool - Start
>> MaxPool - End
bitlength:64
>> Relu2Round - Start
   Key Read Time = 0 milliseconds
   Compute Time = 5.707 milliseconds
   Reconstruct Time = 0.349 milliseconds
   Online Time = 6.058 milliseconds
   Online Comm = 11520 bytes
>> Relu2Round - End
>> ElemWise Mult - start
   Key Read Time = 0 milliseconds
   Compute Time = 0.311 milliseconds
   Reconstruct Time = 0.048 milliseconds
   Online Time = 0.359 milliseconds
>> ElemWise Mult - end
>> ScaleDown - Start 
>> Truncate - Start
   Key Read Time = 2 milliseconds
   Compute Time = 4.074 milliseconds
   Reconstruct Time = 0 milliseconds
   Online Time = 4.074 milliseconds
   Online Comm = 0 bytes
>> Truncate - End
>> ScaleDown - End 
>> Softmax - end
Before reconstruct in GPU softmax
After reconstruct in GPU softmax
Softmax finished
ZeroExt reconstruct: 0
ZeroExt reconstruct: 1
ZeroExt reconstruct: 1
Layer 9 backward done
Layer 8 backward done
Layer 7 backward done
ZeroExt reconstruct: 0
ZeroExt reconstruct: 1
ZeroExt reconstruct: 1
Layer 6 backward done
Layer 5 backward done
Layer 4 backward done
ZeroExt reconstruct: 0
ZeroExt reconstruct: 1
ZeroExt reconstruct: 1
Layer 3 backward done
Layer 2 backward done
Layer 1 backward done
ZeroExt reconstruct: 0
ZeroExt reconstruct: 1
ZeroExt reconstruct: 1
Layer 0 backward done
Time for key read: 9689
Read Key Layer 0 begin
Layer 0 begin
Layer 0 done
Read Key Layer 1 begin
Layer 1 begin
Layer 1 done
Read Key Layer 2 begin
Layer 2 begin
Layer 2 done
Read Key Layer 3 begin
Layer 3 begin
Layer 3 done
Read Key Layer 4 begin
Layer 4 begin
Layer 4 done
Read Key Layer 5 begin
Layer 5 begin
Layer 5 done
Read Key Layer 6 begin
Layer 6 begin
Layer 6 done
Read Key Layer 7 begin
Layer 7 begin
Layer 7 done
Read Key Layer 8 begin
Layer 8 begin
Layer 8 done
Read Key Layer 9 begin
Layer 9 begin
Layer 9 done
Iteration: 14
>> Softmax - start s1 = 64 s2 = 10 sf = 24
>> MaxPool - Start
>> MaxPool - End
bitlength:64
>> Relu2Round - Start
   Key Read Time = 0 milliseconds
   Compute Time = 5.693 milliseconds
   Reconstruct Time = 0.316 milliseconds
   Online Time = 6.011 milliseconds
   Online Comm = 11520 bytes
>> Relu2Round - End
>> ElemWise Mult - start
   Key Read Time = 0 milliseconds
   Compute Time = 0.36 milliseconds
   Reconstruct Time = 0.041 milliseconds
   Online Time = 0.401 milliseconds
>> ElemWise Mult - end
>> ScaleDown - Start 
>> Truncate - Start
   Key Read Time = 3 milliseconds
   Compute Time = 4.155 milliseconds
   Reconstruct Time = 0 milliseconds
   Online Time = 4.155 milliseconds
   Online Comm = 0 bytes
>> Truncate - End
>> ScaleDown - End 
>> Softmax - end
Before reconstruct in GPU softmax
After reconstruct in GPU softmax
Softmax finished
ZeroExt reconstruct: 0
ZeroExt reconstruct: 1
ZeroExt reconstruct: 1
Layer 9 backward done
Layer 8 backward done
Layer 7 backward done
ZeroExt reconstruct: 0
ZeroExt reconstruct: 1
ZeroExt reconstruct: 1
Layer 6 backward done
Layer 5 backward done
Layer 4 backward done
ZeroExt reconstruct: 0
ZeroExt reconstruct: 1
ZeroExt reconstruct: 1
Layer 3 backward done
Layer 2 backward done
Layer 1 backward done
ZeroExt reconstruct: 0
ZeroExt reconstruct: 1
ZeroExt reconstruct: 1
Layer 0 backward done
Time for key read: 9588
Read Key Layer 0 begin
Layer 0 begin
Layer 0 done
Read Key Layer 1 begin
Layer 1 begin
Layer 1 done
Read Key Layer 2 begin
Layer 2 begin
Layer 2 done
Read Key Layer 3 begin
Layer 3 begin
Layer 3 done
Read Key Layer 4 begin
Layer 4 begin
Layer 4 done
Read Key Layer 5 begin
Layer 5 begin
Layer 5 done
Read Key Layer 6 begin
Layer 6 begin
Layer 6 done
Read Key Layer 7 begin
Layer 7 begin
Layer 7 done
Read Key Layer 8 begin
Layer 8 begin
Layer 8 done
Read Key Layer 9 begin
Layer 9 begin
Layer 9 done
Iteration: 15
>> Softmax - start s1 = 64 s2 = 10 sf = 24
>> MaxPool - Start
>> MaxPool - End
bitlength:64
>> Relu2Round - Start
   Key Read Time = 0 milliseconds
   Compute Time = 5.656 milliseconds
   Reconstruct Time = 0.173 milliseconds
   Online Time = 5.83 milliseconds
   Online Comm = 11520 bytes
>> Relu2Round - End
>> ElemWise Mult - start
   Key Read Time = 0 milliseconds
   Compute Time = 0.279 milliseconds
   Reconstruct Time = 0.055 milliseconds
   Online Time = 0.334 milliseconds
>> ElemWise Mult - end
>> ScaleDown - Start 
>> Truncate - Start
   Key Read Time = 1 milliseconds
   Compute Time = 6.294 milliseconds
   Reconstruct Time = 0 milliseconds
   Online Time = 6.294 milliseconds
   Online Comm = 0 bytes
>> Truncate - End
>> ScaleDown - End 
>> Softmax - end
Before reconstruct in GPU softmax
After reconstruct in GPU softmax
Softmax finished
ZeroExt reconstruct: 0
ZeroExt reconstruct: 1
ZeroExt reconstruct: 1
Layer 9 backward done
Layer 8 backward done
Layer 7 backward done
ZeroExt reconstruct: 0
ZeroExt reconstruct: 1
ZeroExt reconstruct: 1
Layer 6 backward done
Layer 5 backward done
Layer 4 backward done
ZeroExt reconstruct: 0
ZeroExt reconstruct: 1
ZeroExt reconstruct: 1
Layer 3 backward done
Layer 2 backward done
Layer 1 backward done
ZeroExt reconstruct: 0
ZeroExt reconstruct: 1
ZeroExt reconstruct: 1
Layer 0 backward done
Time for key read: 4871
Read Key Layer 0 begin
Layer 0 begin
Layer 0 done
Read Key Layer 1 begin
Layer 1 begin
Layer 1 done
Read Key Layer 2 begin
Layer 2 begin
Layer 2 done
Read Key Layer 3 begin
Layer 3 begin
Layer 3 done
Read Key Layer 4 begin
Layer 4 begin
Layer 4 done
Read Key Layer 5 begin
Layer 5 begin
Layer 5 done
Read Key Layer 6 begin
Layer 6 begin
Layer 6 done
Read Key Layer 7 begin
Layer 7 begin
Layer 7 done
Read Key Layer 8 begin
Layer 8 begin
Layer 8 done
Read Key Layer 9 begin
Layer 9 begin
Layer 9 done
Iteration: 16
>> Softmax - start s1 = 64 s2 = 10 sf = 24
>> MaxPool - Start
>> MaxPool - End
bitlength:64
>> Relu2Round - Start
   Key Read Time = 0 milliseconds
   Compute Time = 8.843 milliseconds
   Reconstruct Time = 0.142 milliseconds
   Online Time = 8.987 milliseconds
   Online Comm = 11520 bytes
>> Relu2Round - End
>> ElemWise Mult - start
   Key Read Time = 0 milliseconds
   Compute Time = 0.493 milliseconds
   Reconstruct Time = 0.062 milliseconds
   Online Time = 0.555 milliseconds
>> ElemWise Mult - end
>> ScaleDown - Start 
>> Truncate - Start
   Key Read Time = 4 milliseconds
   Compute Time = 6.502 milliseconds
   Reconstruct Time = 0 milliseconds
   Online Time = 6.502 milliseconds
   Online Comm = 0 bytes
>> Truncate - End
>> ScaleDown - End 
>> Softmax - end
Before reconstruct in GPU softmax
After reconstruct in GPU softmax
Softmax finished
ZeroExt reconstruct: 0
ZeroExt reconstruct: 1
ZeroExt reconstruct: 1
Layer 9 backward done
Layer 8 backward done
Layer 7 backward done
ZeroExt reconstruct: 0
ZeroExt reconstruct: 1
ZeroExt reconstruct: 1
Layer 6 backward done
Layer 5 backward done
Layer 4 backward done
ZeroExt reconstruct: 0
ZeroExt reconstruct: 1
ZeroExt reconstruct: 1
Layer 3 backward done
Layer 2 backward done
Layer 1 backward done
ZeroExt reconstruct: 0
ZeroExt reconstruct: 1
ZeroExt reconstruct: 1
Layer 0 backward done
Time for key read: 5186
Read Key Layer 0 begin
Layer 0 begin
Layer 0 done
Read Key Layer 1 begin
Layer 1 begin
Layer 1 done
Read Key Layer 2 begin
Layer 2 begin
Layer 2 done
Read Key Layer 3 begin
Layer 3 begin
Layer 3 done
Read Key Layer 4 begin
Layer 4 begin
Layer 4 done
Read Key Layer 5 begin
Layer 5 begin
Layer 5 done
Read Key Layer 6 begin
Layer 6 begin
Layer 6 done
Read Key Layer 7 begin
Layer 7 begin
Layer 7 done
Read Key Layer 8 begin
Layer 8 begin
Layer 8 done
Read Key Layer 9 begin
Layer 9 begin
Layer 9 done
Iteration: 17
>> Softmax - start s1 = 64 s2 = 10 sf = 24
>> MaxPool - Start
>> MaxPool - End
bitlength:64
>> Relu2Round - Start
   Key Read Time = 0 milliseconds
   Compute Time = 10.899 milliseconds
   Reconstruct Time = 0.173 milliseconds
   Online Time = 11.072 milliseconds
   Online Comm = 11520 bytes
>> Relu2Round - End
>> ElemWise Mult - start
   Key Read Time = 0 milliseconds
   Compute Time = 0.462 milliseconds
   Reconstruct Time = 0.034 milliseconds
   Online Time = 0.496 milliseconds
>> ElemWise Mult - end
>> ScaleDown - Start 
>> Truncate - Start
   Key Read Time = 2 milliseconds
   Compute Time = 6.434 milliseconds
   Reconstruct Time = 0 milliseconds
   Online Time = 6.434 milliseconds
   Online Comm = 0 bytes
>> Truncate - End
>> ScaleDown - End 
>> Softmax - end
Before reconstruct in GPU softmax
After reconstruct in GPU softmax
Softmax finished
ZeroExt reconstruct: 0
ZeroExt reconstruct: 1
ZeroExt reconstruct: 1
Layer 9 backward done
Layer 8 backward done
Layer 7 backward done
ZeroExt reconstruct: 0
ZeroExt reconstruct: 1
ZeroExt reconstruct: 1
Layer 6 backward done
Layer 5 backward done
Layer 4 backward done
ZeroExt reconstruct: 0
ZeroExt reconstruct: 1
ZeroExt reconstruct: 1
Layer 3 backward done
Layer 2 backward done
Layer 1 backward done
ZeroExt reconstruct: 0
ZeroExt reconstruct: 1
ZeroExt reconstruct: 1
Layer 0 backward done
Time for key read: 9021
Read Key Layer 0 begin
Layer 0 begin
Layer 0 done
Read Key Layer 1 begin
Layer 1 begin
Layer 1 done
Read Key Layer 2 begin
Layer 2 begin
Layer 2 done
Read Key Layer 3 begin
Layer 3 begin
Layer 3 done
Read Key Layer 4 begin
Layer 4 begin
Layer 4 done
Read Key Layer 5 begin
Layer 5 begin
Layer 5 done
Read Key Layer 6 begin
Layer 6 begin
Layer 6 done
Read Key Layer 7 begin
Layer 7 begin
Layer 7 done
Read Key Layer 8 begin
Layer 8 begin
Layer 8 done
Read Key Layer 9 begin
Layer 9 begin
Layer 9 done
Iteration: 18
>> Softmax - start s1 = 64 s2 = 10 sf = 24
>> MaxPool - Start
>> MaxPool - End
bitlength:64
>> Relu2Round - Start
   Key Read Time = 1 milliseconds
   Compute Time = 9 milliseconds
   Reconstruct Time = 0.147 milliseconds
   Online Time = 9.148 milliseconds
   Online Comm = 11520 bytes
>> Relu2Round - End
>> ElemWise Mult - start
   Key Read Time = 0 milliseconds
   Compute Time = 0.417 milliseconds
   Reconstruct Time = 0.123 milliseconds
   Online Time = 0.54 milliseconds
>> ElemWise Mult - end
>> ScaleDown - Start 
>> Truncate - Start
   Key Read Time = 3 milliseconds
   Compute Time = 4.242 milliseconds
   Reconstruct Time = 0 milliseconds
   Online Time = 4.242 milliseconds
   Online Comm = 0 bytes
>> Truncate - End
>> ScaleDown - End 
>> Softmax - end
Before reconstruct in GPU softmax
After reconstruct in GPU softmax
Softmax finished
ZeroExt reconstruct: 0
ZeroExt reconstruct: 1
ZeroExt reconstruct: 1
Layer 9 backward done
Layer 8 backward done
Layer 7 backward done
ZeroExt reconstruct: 0
ZeroExt reconstruct: 1
ZeroExt reconstruct: 1
Layer 6 backward done
Layer 5 backward done
Layer 4 backward done
ZeroExt reconstruct: 0
ZeroExt reconstruct: 1
ZeroExt reconstruct: 1
Layer 3 backward done
Layer 2 backward done
Layer 1 backward done
ZeroExt reconstruct: 0
ZeroExt reconstruct: 1
ZeroExt reconstruct: 1
Layer 0 backward done
Time for key read: 5475
Read Key Layer 0 begin
Layer 0 begin
Layer 0 done
Read Key Layer 1 begin
Layer 1 begin
Layer 1 done
Read Key Layer 2 begin
Layer 2 begin
Layer 2 done
Read Key Layer 3 begin
Layer 3 begin
Layer 3 done
Read Key Layer 4 begin
Layer 4 begin
Layer 4 done
Read Key Layer 5 begin
Layer 5 begin
Layer 5 done
Read Key Layer 6 begin
Layer 6 begin
Layer 6 done
Read Key Layer 7 begin
Layer 7 begin
Layer 7 done
Read Key Layer 8 begin
Layer 8 begin
Layer 8 done
Read Key Layer 9 begin
Layer 9 begin
Layer 9 done
Iteration: 19
>> Softmax - start s1 = 64 s2 = 10 sf = 24
>> MaxPool - Start
>> MaxPool - End
bitlength:64
>> Relu2Round - Start
   Key Read Time = 0 milliseconds
   Compute Time = 5.76 milliseconds
   Reconstruct Time = 0.104 milliseconds
   Online Time = 5.866 milliseconds
   Online Comm = 11520 bytes
>> Relu2Round - End
>> ElemWise Mult - start
   Key Read Time = 0 milliseconds
   Compute Time = 0.393 milliseconds
   Reconstruct Time = 0.194 milliseconds
   Online Time = 0.587 milliseconds
>> ElemWise Mult - end
>> ScaleDown - Start 
>> Truncate - Start
   Key Read Time = 2 milliseconds
   Compute Time = 4.254 milliseconds
   Reconstruct Time = 0 milliseconds
   Online Time = 4.254 milliseconds
   Online Comm = 0 bytes
>> Truncate - End
>> ScaleDown - End 
>> Softmax - end
Before reconstruct in GPU softmax
After reconstruct in GPU softmax
Softmax finished
ZeroExt reconstruct: 0
ZeroExt reconstruct: 1
ZeroExt reconstruct: 1
Layer 9 backward done
Layer 8 backward done
Layer 7 backward done
ZeroExt reconstruct: 0
ZeroExt reconstruct: 1
ZeroExt reconstruct: 1
Layer 6 backward done
Layer 5 backward done
Layer 4 backward done
ZeroExt reconstruct: 0
ZeroExt reconstruct: 1
ZeroExt reconstruct: 1
Layer 3 backward done
Layer 2 backward done
Layer 1 backward done
ZeroExt reconstruct: 0
ZeroExt reconstruct: 1
ZeroExt reconstruct: 1
Layer 0 backward done
Online time (ms): 80332
===========output/P0/training/loss/CNN3-2e-78b/weights/masked_weights_0_0_1_9.dat==========
Getting loss for CIFAR10
wIdx=210442, N=210442
===========output/P0/training/loss/CNN3-2e-78b/weights/masked_optimizer_0_0_1_9.dat==========
Weights file=output/P0/training/loss/CNN3-2e-78b/weights/masked_optimizer_0_0_1_9.dat, output/P0/training/loss/CNN3-2e-78b/weights/optimizer_mask_0_0_0_0.dat
Opt Masked Size=210442
Accuracy=10.000000, Loss=2.303681
Time for key read: 4888
Read Key Layer 0 begin
Layer 0 begin
Layer 0 done
Read Key Layer 1 begin
Layer 1 begin
Layer 1 done
Read Key Layer 2 begin
Layer 2 begin
Layer 2 done
Read Key Layer 3 begin
Layer 3 begin
Layer 3 done
Read Key Layer 4 begin
Layer 4 begin
Layer 4 done
Read Key Layer 5 begin
Layer 5 begin
Layer 5 done
Read Key Layer 6 begin
Layer 6 begin
Layer 6 done
Read Key Layer 7 begin
Layer 7 begin
Layer 7 done
Read Key Layer 8 begin
Layer 8 begin
Layer 8 done
Read Key Layer 9 begin
Layer 9 begin
Layer 9 done
Iteration: 20
>> Softmax - start s1 = 64 s2 = 10 sf = 24
>> MaxPool - Start
>> MaxPool - End
bitlength:64
>> Relu2Round - Start
   Key Read Time = 1 milliseconds
   Compute Time = 5.793 milliseconds
   Reconstruct Time = 0.415 milliseconds
   Online Time = 6.211 milliseconds
   Online Comm = 11520 bytes
>> Relu2Round - End
>> ElemWise Mult - start
   Key Read Time = 0 milliseconds
   Compute Time = 0.344 milliseconds
   Reconstruct Time = 0.092 milliseconds
   Online Time = 0.436 milliseconds
>> ElemWise Mult - end
>> ScaleDown - Start 
>> Truncate - Start
   Key Read Time = 3 milliseconds
   Compute Time = 4.155 milliseconds
   Reconstruct Time = 0 milliseconds
   Online Time = 4.155 milliseconds
   Online Comm = 0 bytes
>> Truncate - End
>> ScaleDown - End 
>> Softmax - end
Before reconstruct in GPU softmax
After reconstruct in GPU softmax
Softmax finished
ZeroExt reconstruct: 0
ZeroExt reconstruct: 1
ZeroExt reconstruct: 1
Layer 9 backward done
Layer 8 backward done
Layer 7 backward done
ZeroExt reconstruct: 0
ZeroExt reconstruct: 1
ZeroExt reconstruct: 1
Layer 6 backward done
Layer 5 backward done
Layer 4 backward done
ZeroExt reconstruct: 0
ZeroExt reconstruct: 1
ZeroExt reconstruct: 1
Layer 3 backward done
Layer 2 backward done
Layer 1 backward done
ZeroExt reconstruct: 0
ZeroExt reconstruct: 1
ZeroExt reconstruct: 1
Layer 0 backward done
Time for key read: 5440
Read Key Layer 0 begin
Layer 0 begin
Layer 0 done
Read Key Layer 1 begin
Layer 1 begin
Layer 1 done
Read Key Layer 2 begin
Layer 2 begin
Layer 2 done
Read Key Layer 3 begin
Layer 3 begin
Layer 3 done
Read Key Layer 4 begin
Layer 4 begin
Layer 4 done
Read Key Layer 5 begin
Layer 5 begin
Layer 5 done
Read Key Layer 6 begin
Layer 6 begin
Layer 6 done
Read Key Layer 7 begin
Layer 7 begin
Layer 7 done
Read Key Layer 8 begin
Layer 8 begin
Layer 8 done
Read Key Layer 9 begin
Layer 9 begin
Layer 9 done
Iteration: 21
>> Softmax - start s1 = 64 s2 = 10 sf = 24
>> MaxPool - Start
>> MaxPool - End
bitlength:64
>> Relu2Round - Start
   Key Read Time = 1 milliseconds
   Compute Time = 5.845 milliseconds
   Reconstruct Time = 0.235 milliseconds
   Online Time = 6.082 milliseconds
   Online Comm = 11520 bytes
>> Relu2Round - End
>> ElemWise Mult - start
   Key Read Time = 0 milliseconds
   Compute Time = 0.314 milliseconds
   Reconstruct Time = 0.077 milliseconds
   Online Time = 0.391 milliseconds
>> ElemWise Mult - end
>> ScaleDown - Start 
>> Truncate - Start
   Key Read Time = 3 milliseconds
   Compute Time = 4.154 milliseconds
   Reconstruct Time = 0 milliseconds
   Online Time = 4.154 milliseconds
   Online Comm = 0 bytes
>> Truncate - End
>> ScaleDown - End 
>> Softmax - end
Before reconstruct in GPU softmax
After reconstruct in GPU softmax
Softmax finished
ZeroExt reconstruct: 0
ZeroExt reconstruct: 1
ZeroExt reconstruct: 1
Layer 9 backward done
Layer 8 backward done
Layer 7 backward done
ZeroExt reconstruct: 0
ZeroExt reconstruct: 1
ZeroExt reconstruct: 1
Layer 6 backward done
Layer 5 backward done
Layer 4 backward done
ZeroExt reconstruct: 0
ZeroExt reconstruct: 1
ZeroExt reconstruct: 1
Layer 3 backward done
Layer 2 backward done
Layer 1 backward done
ZeroExt reconstruct: 0
ZeroExt reconstruct: 1
ZeroExt reconstruct: 1
Layer 0 backward done
Time for key read: 4652
Read Key Layer 0 begin
Layer 0 begin
Layer 0 done
Read Key Layer 1 begin
Layer 1 begin
Layer 1 done
Read Key Layer 2 begin
Layer 2 begin
Layer 2 done
Read Key Layer 3 begin
Layer 3 begin
Layer 3 done
Read Key Layer 4 begin
Layer 4 begin
Layer 4 done
Read Key Layer 5 begin
Layer 5 begin
Layer 5 done
Read Key Layer 6 begin
Layer 6 begin
Layer 6 done
Read Key Layer 7 begin
Layer 7 begin
Layer 7 done
Read Key Layer 8 begin
Layer 8 begin
Layer 8 done
Read Key Layer 9 begin
Layer 9 begin
Layer 9 done
Iteration: 22
>> Softmax - start s1 = 64 s2 = 10 sf = 24
>> MaxPool - Start
>> MaxPool - End
bitlength:64
>> Relu2Round - Start
   Key Read Time = 1 milliseconds
   Compute Time = 5.704 milliseconds
   Reconstruct Time = 0.359 milliseconds
   Online Time = 6.064 milliseconds
   Online Comm = 11520 bytes
>> Relu2Round - End
>> ElemWise Mult - start
   Key Read Time = 0 milliseconds
   Compute Time = 0.393 milliseconds
   Reconstruct Time = 0.042 milliseconds
   Online Time = 0.435 milliseconds
>> ElemWise Mult - end
>> ScaleDown - Start 
>> Truncate - Start
   Key Read Time = 2 milliseconds
   Compute Time = 4.101 milliseconds
   Reconstruct Time = 0 milliseconds
   Online Time = 4.101 milliseconds
   Online Comm = 0 bytes
>> Truncate - End
>> ScaleDown - End 
>> Softmax - end
Before reconstruct in GPU softmax
After reconstruct in GPU softmax
Softmax finished
ZeroExt reconstruct: 0
ZeroExt reconstruct: 1
ZeroExt reconstruct: 1
Layer 9 backward done
Layer 8 backward done
Layer 7 backward done
ZeroExt reconstruct: 0
ZeroExt reconstruct: 1
ZeroExt reconstruct: 1
Layer 6 backward done
Layer 5 backward done
Layer 4 backward done
ZeroExt reconstruct: 0
ZeroExt reconstruct: 1
ZeroExt reconstruct: 1
Layer 3 backward done
Layer 2 backward done
Layer 1 backward done
ZeroExt reconstruct: 0
ZeroExt reconstruct: 1
ZeroExt reconstruct: 1
Layer 0 backward done
Time for key read: 8222
Read Key Layer 0 begin
Layer 0 begin
Layer 0 done
Read Key Layer 1 begin
Layer 1 begin
Layer 1 done
Read Key Layer 2 begin
Layer 2 begin
Layer 2 done
Read Key Layer 3 begin
Layer 3 begin
Layer 3 done
Read Key Layer 4 begin
Layer 4 begin
Layer 4 done
Read Key Layer 5 begin
Layer 5 begin
Layer 5 done
Read Key Layer 6 begin
Layer 6 begin
Layer 6 done
Read Key Layer 7 begin
Layer 7 begin
Layer 7 done
Read Key Layer 8 begin
Layer 8 begin
Layer 8 done
Read Key Layer 9 begin
Layer 9 begin
Layer 9 done
Iteration: 23
>> Softmax - start s1 = 64 s2 = 10 sf = 24
>> MaxPool - Start
>> MaxPool - End
bitlength:64
>> Relu2Round - Start
   Key Read Time = 1 milliseconds
   Compute Time = 6.022 milliseconds
   Reconstruct Time = 0.141 milliseconds
   Online Time = 6.164 milliseconds
   Online Comm = 11520 bytes
>> Relu2Round - End
>> ElemWise Mult - start
   Key Read Time = 0 milliseconds
   Compute Time = 0.403 milliseconds
   Reconstruct Time = 0.044 milliseconds
   Online Time = 0.447 milliseconds
>> ElemWise Mult - end
>> ScaleDown - Start 
>> Truncate - Start
   Key Read Time = 3 milliseconds
   Compute Time = 4.231 milliseconds
   Reconstruct Time = 0 milliseconds
   Online Time = 4.231 milliseconds
   Online Comm = 0 bytes
>> Truncate - End
>> ScaleDown - End 
>> Softmax - end
Before reconstruct in GPU softmax
After reconstruct in GPU softmax
Softmax finished
ZeroExt reconstruct: 0
ZeroExt reconstruct: 1
ZeroExt reconstruct: 1
Layer 9 backward done
Layer 8 backward done
Layer 7 backward done
ZeroExt reconstruct: 0
ZeroExt reconstruct: 1
ZeroExt reconstruct: 1
Layer 6 backward done
Layer 5 backward done
Layer 4 backward done
ZeroExt reconstruct: 0
ZeroExt reconstruct: 1
ZeroExt reconstruct: 1
Layer 3 backward done
Layer 2 backward done
Layer 1 backward done
ZeroExt reconstruct: 0
ZeroExt reconstruct: 1
ZeroExt reconstruct: 1
Layer 0 backward done
Time for key read: 4712
Read Key Layer 0 begin
Layer 0 begin
Layer 0 done
Read Key Layer 1 begin
Layer 1 begin
Layer 1 done
Read Key Layer 2 begin
Layer 2 begin
Layer 2 done
Read Key Layer 3 begin
Layer 3 begin
Layer 3 done
Read Key Layer 4 begin
Layer 4 begin
Layer 4 done
Read Key Layer 5 begin
Layer 5 begin
Layer 5 done
Read Key Layer 6 begin
Layer 6 begin
Layer 6 done
Read Key Layer 7 begin
Layer 7 begin
Layer 7 done
Read Key Layer 8 begin
Layer 8 begin
Layer 8 done
Read Key Layer 9 begin
Layer 9 begin
Layer 9 done
Iteration: 24
>> Softmax - start s1 = 64 s2 = 10 sf = 24
>> MaxPool - Start
>> MaxPool - End
bitlength:64
>> Relu2Round - Start
   Key Read Time = 1 milliseconds
   Compute Time = 5.911 milliseconds
   Reconstruct Time = 0.329 milliseconds
   Online Time = 6.242 milliseconds
   Online Comm = 11520 bytes
>> Relu2Round - End
>> ElemWise Mult - start
   Key Read Time = 0 milliseconds
   Compute Time = 0.383 milliseconds
   Reconstruct Time = 0.035 milliseconds
   Online Time = 0.418 milliseconds
>> ElemWise Mult - end
>> ScaleDown - Start 
>> Truncate - Start
   Key Read Time = 2 milliseconds
   Compute Time = 4.096 milliseconds
   Reconstruct Time = 0 milliseconds
   Online Time = 4.096 milliseconds
   Online Comm = 0 bytes
>> Truncate - End
>> ScaleDown - End 
>> Softmax - end
Before reconstruct in GPU softmax
After reconstruct in GPU softmax
Softmax finished
ZeroExt reconstruct: 0
ZeroExt reconstruct: 1
ZeroExt reconstruct: 1
Layer 9 backward done
Layer 8 backward done
Layer 7 backward done
ZeroExt reconstruct: 0
ZeroExt reconstruct: 1
ZeroExt reconstruct: 1
Layer 6 backward done
Layer 5 backward done
Layer 4 backward done
ZeroExt reconstruct: 0
ZeroExt reconstruct: 1
ZeroExt reconstruct: 1
Layer 3 backward done
Layer 2 backward done
Layer 1 backward done
ZeroExt reconstruct: 0
ZeroExt reconstruct: 1
ZeroExt reconstruct: 1
Layer 0 backward done
Time for key read: 4643
Read Key Layer 0 begin
Layer 0 begin
Layer 0 done
Read Key Layer 1 begin
Layer 1 begin
Layer 1 done
Read Key Layer 2 begin
Layer 2 begin
Layer 2 done
Read Key Layer 3 begin
Layer 3 begin
Layer 3 done
Read Key Layer 4 begin
Layer 4 begin
Layer 4 done
Read Key Layer 5 begin
Layer 5 begin
Layer 5 done
Read Key Layer 6 begin
Layer 6 begin
Layer 6 done
Read Key Layer 7 begin
Layer 7 begin
Layer 7 done
Read Key Layer 8 begin
Layer 8 begin
Layer 8 done
Read Key Layer 9 begin
Layer 9 begin
Layer 9 done
Iteration: 25
>> Softmax - start s1 = 64 s2 = 10 sf = 24
>> MaxPool - Start
>> MaxPool - End
bitlength:64
>> Relu2Round - Start
   Key Read Time = 0 milliseconds
   Compute Time = 5.79 milliseconds
   Reconstruct Time = 0.317 milliseconds
   Online Time = 6.108 milliseconds
   Online Comm = 11520 bytes
>> Relu2Round - End
>> ElemWise Mult - start
   Key Read Time = 0 milliseconds
   Compute Time = 0.319 milliseconds
   Reconstruct Time = 0.136 milliseconds
   Online Time = 0.455 milliseconds
>> ElemWise Mult - end
>> ScaleDown - Start 
>> Truncate - Start
   Key Read Time = 2 milliseconds
   Compute Time = 4.018 milliseconds
   Reconstruct Time = 0 milliseconds
   Online Time = 4.018 milliseconds
   Online Comm = 0 bytes
>> Truncate - End
>> ScaleDown - End 
>> Softmax - end
Before reconstruct in GPU softmax
After reconstruct in GPU softmax
Softmax finished
ZeroExt reconstruct: 0
ZeroExt reconstruct: 1
ZeroExt reconstruct: 1
Layer 9 backward done
Layer 8 backward done
Layer 7 backward done
ZeroExt reconstruct: 0
ZeroExt reconstruct: 1
ZeroExt reconstruct: 1
Layer 6 backward done
Layer 5 backward done
Layer 4 backward done
ZeroExt reconstruct: 0
ZeroExt reconstruct: 1
ZeroExt reconstruct: 1
Layer 3 backward done
Layer 2 backward done
Layer 1 backward done
ZeroExt reconstruct: 0
ZeroExt reconstruct: 1
ZeroExt reconstruct: 1
Layer 0 backward done
Time for key read: 4928
Read Key Layer 0 begin
Layer 0 begin
Layer 0 done
Read Key Layer 1 begin
Layer 1 begin
Layer 1 done
Read Key Layer 2 begin
Layer 2 begin
Layer 2 done
Read Key Layer 3 begin
Layer 3 begin
Layer 3 done
Read Key Layer 4 begin
Layer 4 begin
Layer 4 done
Read Key Layer 5 begin
Layer 5 begin
Layer 5 done
Read Key Layer 6 begin
Layer 6 begin
Layer 6 done
Read Key Layer 7 begin
Layer 7 begin
Layer 7 done
Read Key Layer 8 begin
Layer 8 begin
Layer 8 done
Read Key Layer 9 begin
Layer 9 begin
Layer 9 done
Iteration: 26
>> Softmax - start s1 = 64 s2 = 10 sf = 24
>> MaxPool - Start
>> MaxPool - End
bitlength:64
>> Relu2Round - Start
   Key Read Time = 1 milliseconds
   Compute Time = 5.902 milliseconds
   Reconstruct Time = 0.143 milliseconds
   Online Time = 6.047 milliseconds
   Online Comm = 11520 bytes
>> Relu2Round - End
>> ElemWise Mult - start
   Key Read Time = 0 milliseconds
   Compute Time = 0.316 milliseconds
   Reconstruct Time = 0.037 milliseconds
   Online Time = 0.353 milliseconds
>> ElemWise Mult - end
>> ScaleDown - Start 
>> Truncate - Start
   Key Read Time = 3 milliseconds
   Compute Time = 4.188 milliseconds
   Reconstruct Time = 0 milliseconds
   Online Time = 4.188 milliseconds
   Online Comm = 0 bytes
>> Truncate - End
>> ScaleDown - End 
>> Softmax - end
Before reconstruct in GPU softmax
After reconstruct in GPU softmax
Softmax finished
ZeroExt reconstruct: 0
ZeroExt reconstruct: 1
ZeroExt reconstruct: 1
Layer 9 backward done
Layer 8 backward done
Layer 7 backward done
ZeroExt reconstruct: 0
ZeroExt reconstruct: 1
ZeroExt reconstruct: 1
Layer 6 backward done
Layer 5 backward done
Layer 4 backward done
ZeroExt reconstruct: 0
ZeroExt reconstruct: 1
ZeroExt reconstruct: 1
Layer 3 backward done
Layer 2 backward done
Layer 1 backward done
ZeroExt reconstruct: 0
ZeroExt reconstruct: 1
ZeroExt reconstruct: 1
Layer 0 backward done
Time for key read: 5268
Read Key Layer 0 begin
Layer 0 begin
Layer 0 done
Read Key Layer 1 begin
Layer 1 begin
Layer 1 done
Read Key Layer 2 begin
Layer 2 begin
Layer 2 done
Read Key Layer 3 begin
Layer 3 begin
Layer 3 done
Read Key Layer 4 begin
Layer 4 begin
Layer 4 done
Read Key Layer 5 begin
Layer 5 begin
Layer 5 done
Read Key Layer 6 begin
Layer 6 begin
Layer 6 done
Read Key Layer 7 begin
Layer 7 begin
Layer 7 done
Read Key Layer 8 begin
Layer 8 begin
Layer 8 done
Read Key Layer 9 begin
Layer 9 begin
Layer 9 done
Iteration: 27
>> Softmax - start s1 = 64 s2 = 10 sf = 24
>> MaxPool - Start
>> MaxPool - End
bitlength:64
>> Relu2Round - Start
   Key Read Time = 1 milliseconds
   Compute Time = 5.608 milliseconds
   Reconstruct Time = 0.418 milliseconds
   Online Time = 6.027 milliseconds
   Online Comm = 11520 bytes
>> Relu2Round - End
>> ElemWise Mult - start
   Key Read Time = 0 milliseconds
   Compute Time = 0.276 milliseconds
   Reconstruct Time = 0.073 milliseconds
   Online Time = 0.349 milliseconds
>> ElemWise Mult - end
>> ScaleDown - Start 
>> Truncate - Start
   Key Read Time = 1 milliseconds
   Compute Time = 4.003 milliseconds
   Reconstruct Time = 0 milliseconds
   Online Time = 4.003 milliseconds
   Online Comm = 0 bytes
>> Truncate - End
>> ScaleDown - End 
>> Softmax - end
Before reconstruct in GPU softmax
After reconstruct in GPU softmax
Softmax finished
ZeroExt reconstruct: 0
ZeroExt reconstruct: 1
ZeroExt reconstruct: 1
Layer 9 backward done
Layer 8 backward done
Layer 7 backward done
ZeroExt reconstruct: 0
ZeroExt reconstruct: 1
ZeroExt reconstruct: 1
Layer 6 backward done
Layer 5 backward done
Layer 4 backward done
ZeroExt reconstruct: 0
ZeroExt reconstruct: 1
ZeroExt reconstruct: 1
Layer 3 backward done
Layer 2 backward done
Layer 1 backward done
ZeroExt reconstruct: 0
ZeroExt reconstruct: 1
ZeroExt reconstruct: 1
Layer 0 backward done
Time for key read: 5347
Read Key Layer 0 begin
Layer 0 begin
Layer 0 done
Read Key Layer 1 begin
Layer 1 begin
Layer 1 done
Read Key Layer 2 begin
Layer 2 begin
Layer 2 done
Read Key Layer 3 begin
Layer 3 begin
Layer 3 done
Read Key Layer 4 begin
Layer 4 begin
Layer 4 done
Read Key Layer 5 begin
Layer 5 begin
Layer 5 done
Read Key Layer 6 begin
Layer 6 begin
Layer 6 done
Read Key Layer 7 begin
Layer 7 begin
Layer 7 done
Read Key Layer 8 begin
Layer 8 begin
Layer 8 done
Read Key Layer 9 begin
Layer 9 begin
Layer 9 done
Iteration: 28
>> Softmax - start s1 = 64 s2 = 10 sf = 24
>> MaxPool - Start
>> MaxPool - End
bitlength:64
>> Relu2Round - Start
   Key Read Time = 1 milliseconds
   Compute Time = 5.993 milliseconds
   Reconstruct Time = 0.282 milliseconds
   Online Time = 6.276 milliseconds
   Online Comm = 11520 bytes
>> Relu2Round - End
>> ElemWise Mult - start
   Key Read Time = 0 milliseconds
   Compute Time = 0.43 milliseconds
   Reconstruct Time = 0.197 milliseconds
   Online Time = 0.627 milliseconds
>> ElemWise Mult - end
>> ScaleDown - Start 
>> Truncate - Start
   Key Read Time = 3 milliseconds
   Compute Time = 4.236 milliseconds
   Reconstruct Time = 0 milliseconds
   Online Time = 4.236 milliseconds
   Online Comm = 0 bytes
>> Truncate - End
>> ScaleDown - End 
>> Softmax - end
Before reconstruct in GPU softmax
After reconstruct in GPU softmax
Softmax finished
ZeroExt reconstruct: 0
ZeroExt reconstruct: 1
ZeroExt reconstruct: 1
Layer 9 backward done
Layer 8 backward done
Layer 7 backward done
ZeroExt reconstruct: 0
ZeroExt reconstruct: 1
ZeroExt reconstruct: 1
Layer 6 backward done
Layer 5 backward done
Layer 4 backward done
ZeroExt reconstruct: 0
ZeroExt reconstruct: 1
ZeroExt reconstruct: 1
Layer 3 backward done
Layer 2 backward done
Layer 1 backward done
ZeroExt reconstruct: 0
ZeroExt reconstruct: 1
ZeroExt reconstruct: 1
Layer 0 backward done
Time for key read: 5454
Read Key Layer 0 begin
Layer 0 begin
Layer 0 done
Read Key Layer 1 begin
Layer 1 begin
Layer 1 done
Read Key Layer 2 begin
Layer 2 begin
Layer 2 done
Read Key Layer 3 begin
Layer 3 begin
Layer 3 done
Read Key Layer 4 begin
Layer 4 begin
Layer 4 done
Read Key Layer 5 begin
Layer 5 begin
Layer 5 done
Read Key Layer 6 begin
Layer 6 begin
Layer 6 done
Read Key Layer 7 begin
Layer 7 begin
Layer 7 done
Read Key Layer 8 begin
Layer 8 begin
Layer 8 done
Read Key Layer 9 begin
Layer 9 begin
Layer 9 done
Iteration: 29
>> Softmax - start s1 = 64 s2 = 10 sf = 24
>> MaxPool - Start
>> MaxPool - End
bitlength:64
>> Relu2Round - Start
   Key Read Time = 1 milliseconds
   Compute Time = 5.9 milliseconds
   Reconstruct Time = 0.108 milliseconds
   Online Time = 6.01 milliseconds
   Online Comm = 11520 bytes
>> Relu2Round - End
>> ElemWise Mult - start
   Key Read Time = 0 milliseconds
   Compute Time = 0.395 milliseconds
   Reconstruct Time = 0.03 milliseconds
   Online Time = 0.425 milliseconds
>> ElemWise Mult - end
>> ScaleDown - Start 
>> Truncate - Start
   Key Read Time = 2 milliseconds
   Compute Time = 4.137 milliseconds
   Reconstruct Time = 0 milliseconds
   Online Time = 4.137 milliseconds
   Online Comm = 0 bytes
>> Truncate - End
>> ScaleDown - End 
>> Softmax - end
Before reconstruct in GPU softmax
After reconstruct in GPU softmax
Softmax finished
ZeroExt reconstruct: 0
ZeroExt reconstruct: 1
ZeroExt reconstruct: 1
Layer 9 backward done
Layer 8 backward done
Layer 7 backward done
ZeroExt reconstruct: 0
ZeroExt reconstruct: 1
ZeroExt reconstruct: 1
Layer 6 backward done
Layer 5 backward done
Layer 4 backward done
ZeroExt reconstruct: 0
ZeroExt reconstruct: 1
ZeroExt reconstruct: 1
Layer 3 backward done
Layer 2 backward done
Layer 1 backward done
ZeroExt reconstruct: 0
ZeroExt reconstruct: 1
ZeroExt reconstruct: 1
Layer 0 backward done
Online time (ms): 65462
===========output/P0/training/loss/CNN3-2e-78b/weights/masked_weights_0_0_2_9.dat==========
Getting loss for CIFAR10
